[38;5;112m[Appium][0m Welcome to Appium v2.12.1
[38;5;112m[Appium][0m Non-default server args:
[38;5;112m[Appium][0m { basePath: [32m'/wd/hub'[39m, loglevel: [32m'info'[39m, port: [33m51556[39m }
[38;5;112m[Appium][0m Attempting to load driver uiautomator2...
[38;5;112m[Appium][0m Attempting to load driver chromium...
[38;5;112m[Appium][0m Appium REST http interface listener started on http://0.0.0.0:51556/wd/hub
[38;5;112m[Appium][0m You can provide the following URLs in your client code to connect to this server:
	http://50.50.50.71:51556/wd/hub
	http://127.0.0.1:51556/wd/hub (only accessible from the same host)
[38;5;112m[Appium][0m Available drivers:
[38;5;112m[Appium][0m   - uiautomator2@3.8.0 (automationName 'UiAutomator2')
[38;5;112m[Appium][0m   - chromium@1.4.3 (automationName 'Chromium')
[38;5;112m[Appium][0m No plugins have been installed. Use the "appium plugin" command to install the one(s) you want to use.
[38;5;86m[HTTP][0m [37m-->[39m [37mGET[39m [37m/wd/hub/status[39m [90m{}[39m
[38;5;86m[HTTP][0m [37m<-- GET /wd/hub/status [39m[32m200[39m [90m7 ms - 111[39m [90m[39m
[38;5;86m[HTTP][0m [37m-->[39m [37mGET[39m [37m/wd/hub/status[39m [90m{}[39m
[38;5;86m[HTTP][0m [37m<-- GET /wd/hub/status [39m[32m200[39m [90m1 ms - 111[39m [90m[39m
[38;5;86m[HTTP][0m [37m-->[39m [37mPOST[39m [37m/wd/hub/session[39m [90m{"desiredCapabilities":{"appium:systemPort":8245,"appium:newCommandTimeout":1800,"appium:appWaitActivity":"","appium:automationName":"uiautomator2","appium:platformVersion":"9","appium:deviceId":"","appium:udid":"J9AXGF01P54995H","appium:autoGrantPermissions":true,"appium:platformName":"ANDROID","appium:appActivity":".Settings","appium:deviceName":"asus ASUS_X017DA (Android 9)","platformName":"Android","appium:appPackage":"com.android.settings"},"capabilities":{"firstMatch":[{"appium:appActivity":".Settings","appium:appPackage":"com.android.settings","appium:appWaitActivity":"","appium:autoGrantPermissions":true,"appium:automationName":"uiautomator2","appium:deviceId":"","appium:deviceName":"asus ASUS_X017DA (Android 9)","appium:newCommandTimeout":1800,"appium:platformName":"ANDROID","appium:platformVersion":"9","appium:systemPort":8245,"appium:udid":"J9AXGF01P54995H","platformName":"android"}]}}[39m
[38;5;123m[BaseDriver][0m Ignoring capability 'appium:platformName=ANDROID' and using capability 'platformName=android'
[38;5;123m[BaseDriver][0m The capabilities ["platformName"] are standard capabilities and do not require "appium:" prefix
[38;5;112m[Appium][0m Attempting to find matching driver for automationName 'uiautomator2' and platformName 'android'
[38;5;112m[Appium][0m The 'uiautomator2' driver was installed and matched caps.
[38;5;112m[Appium][0m Will require it at C:\Users\Ukhty\.appium\node_modules\appium-uiautomator2-driver
[38;5;77m[AppiumDriver@1d9e][0m Appium v2.12.1 creating new AndroidUiautomator2Driver (v3.8.0) session
[38;5;77m[AppiumDriver@1d9e][0m Checking BaseDriver versions for Appium and AndroidUiautomator2Driver
[38;5;77m[AppiumDriver@1d9e][0m Appium's BaseDriver version is 9.12.1
[38;5;77m[AppiumDriver@1d9e][0m AndroidUiautomator2Driver's BaseDriver version is 9.12.1
[38;5;-146m[AndroidUiautomator2Driver@c369][0m The following provided capabilities were not recognized by this driver:
[38;5;-146m[AndroidUiautomator2Driver@c369][0m   deviceId
[38;5;192m[e76398b8][0m[38;5;-146m[AndroidUiautomator2Driver@c369][0m Session created with session id: e76398b8-0f4c-46ad-8c30-bf4607d9bedf
[38;5;192m[e76398b8][0m[38;5;229m[ADB][0m Cannot sort build-tools folders ["New folder","android-14"] by semantic version names.
[38;5;192m[e76398b8][0m[38;5;229m[ADB][0m Falling back to sorting by modification date. Original error: Invalid Version: New folder
[38;5;192m[e76398b8][0m[38;5;229m[ADB][0m Found 2 'build-tools' folders under 'D:\file_riswan\App\Appium\Baru\android_home\Sdk' (newest first):
[38;5;192m[e76398b8][0m[38;5;229m[ADB][0m     D:\file_riswan\App\Appium\Baru\android_home\Sdk\build-tools\New folder
[38;5;192m[e76398b8][0m[38;5;229m[ADB][0m     D:\file_riswan\App\Appium\Baru\android_home\Sdk\build-tools\android-14
[38;5;192m[e76398b8][0m[38;5;229m[ADB][0m Using 'adb.exe' from 'D:\file_riswan\App\Appium\Baru\android_home\Sdk\platform-tools\adb.exe'
[38;5;192m[e76398b8][0m[38;5;-146m[AndroidUiautomator2Driver@c369][0m Retrieving device list
[38;5;192m[e76398b8][0m[38;5;-146m[AndroidUiautomator2Driver@c369][0m Using device: J9AXGF01P54995H
[38;5;192m[e76398b8][0m[38;5;229m[ADB][0m Using 'adb.exe' from 'D:\file_riswan\App\Appium\Baru\android_home\Sdk\platform-tools\adb.exe'
[38;5;192m[e76398b8][0m[38;5;-146m[AndroidUiautomator2Driver@c369][0m Starting 'com.android.settings' directly on the device
[38;5;192m[e76398b8][0m[38;5;229m[ADB][0m Getting device platform version
[38;5;192m[e76398b8][0m[38;5;-146m[AndroidUiautomator2Driver@c369][0m Relaxing hidden api policy
[38;5;192m[e76398b8][0m[38;5;-146m[AndroidUiautomator2Driver@c369][0m No app sent in, not parsing package/activity
[38;5;192m[e76398b8][0m[38;5;229m[ADB][0m Using 'aapt2.exe' from 'D:\file_riswan\App\Appium\Baru\android_home\Sdk\build-tools\android-14\aapt2.exe'
[38;5;192m[e76398b8][0m[38;5;-146m[AndroidUiautomator2Driver@c369][0m Server packages are not going to be (re)installed
[38;5;192m[e76398b8][0m[38;5;229m[ADB][0m Adding packages ["io.appium.settings","io.appium.uiautomator2.server","io.appium.uiautomator2.server.test"] to Doze whitelist
[38;5;192m[e76398b8][0m[38;5;-146m[AndroidUiautomator2Driver@c369][0m Starting UIAutomator2 server 7.0.25
[38;5;192m[e76398b8][0m[38;5;-146m[AndroidUiautomator2Driver@c369][0m Using UIAutomator2 server from 'C:\Users\Ukhty\.appium\node_modules\appium-uiautomator2-driver\node_modules\appium-uiautomator2-server\apks\appium-uiautomator2-server-v7.0.25.apk' and test from 'C:\Users\Ukhty\.appium\node_modules\appium-uiautomator2-driver\node_modules\appium-uiautomator2-server\apks\appium-uiautomator2-server-debug-androidTest.apk'
[38;5;192m[e76398b8][0m[38;5;-146m[AndroidUiautomator2Driver@c369][0m Waiting up to 30000ms for UiAutomator2 to be online...
[38;5;192m[e76398b8][0m[38;5;-146m[AndroidUiautomator2Driver@c369][0m read ECONNRESET
[38;5;192m[e76398b8][0m[38;5;-146m[AndroidUiautomator2Driver@c369][0m read ECONNRESET
[38;5;192m[e76398b8][0m[38;5;-146m[AndroidUiautomator2Driver@c369][0m read ECONNRESET
[38;5;192m[e76398b8][0m[38;5;-146m[AndroidUiautomator2Driver@c369][0m read ECONNRESET
[38;5;192m[e76398b8][0m[38;5;-146m[AndroidUiautomator2Driver@c369][0m Determined the downstream protocol as 'W3C'
[38;5;192m[e76398b8][0m[38;5;-146m[AndroidUiautomator2Driver@c369][0m Screen already unlocked, doing nothing
[38;5;192m[e76398b8][0m[38;5;-146m[AndroidUiautomator2Driver@c369][0m Starting 'com.android.settings/.Settings and waiting for 'com.android.settings/.Settings'
[38;5;192m[e76398b8][0m[38;5;77m[AppiumDriver@1d9e][0m New AndroidUiautomator2Driver session created successfully, session e76398b8-0f4c-46ad-8c30-bf4607d9bedf added to master session list
[38;5;192m[e76398b8][0m[38;5;86m[HTTP][0m [37m<-- POST /wd/hub/session [39m[32m200[39m [90m7308 ms - 1166[39m [90m[39m
[38;5;192m[e76398b8][0m[38;5;86m[HTTP][0m [37m-->[39m [37mGET[39m [37m/wd/hub/session/e76398b8-0f4c-46ad-8c30-bf4607d9bedf[39m [90m{}[39m
[38;5;192m[e76398b8][0m[38;5;86m[HTTP][0m [37m<-- GET /wd/hub/session/e76398b8-0f4c-46ad-8c30-bf4607d9bedf [39m[32m200[39m [90m37 ms - 349[39m [90m[39m
[38;5;192m[e76398b8][0m[38;5;86m[HTTP][0m [37m-->[39m [37mGET[39m [37m/wd/hub/session/e76398b8-0f4c-46ad-8c30-bf4607d9bedf[39m [90m{}[39m
[38;5;192m[e76398b8][0m[38;5;86m[HTTP][0m [37m<-- GET /wd/hub/session/e76398b8-0f4c-46ad-8c30-bf4607d9bedf [39m[32m200[39m [90m27 ms - 349[39m [90m[39m
[38;5;86m[HTTP][0m [37m-->[39m [37mGET[39m [37m/wd/hub/status[39m [90m{}[39m
[38;5;86m[HTTP][0m [37m<-- GET /wd/hub/status [39m[32m200[39m [90m1 ms - 111[39m [90m[39m
[38;5;192m[e76398b8][0m[38;5;86m[HTTP][0m [37m-->[39m [37mPOST[39m [37m/wd/hub/session/e76398b8-0f4c-46ad-8c30-bf4607d9bedf/timeouts[39m [90m{"implicit":60000}[39m
[38;5;192m[e76398b8][0m[38;5;86m[HTTP][0m [37m<-- POST /wd/hub/session/e76398b8-0f4c-46ad-8c30-bf4607d9bedf/timeouts [39m[32m200[39m [90m2 ms - 14[39m [90m[39m
[38;5;192m[e76398b8][0m[38;5;86m[HTTP][0m [37m-->[39m [37mGET[39m [37m/wd/hub/session/e76398b8-0f4c-46ad-8c30-bf4607d9bedf/appium/device/system_bars[39m [90m{}[39m
[38;5;192m[e76398b8][0m[38;5;86m[HTTP][0m [37m<-- GET /wd/hub/session/e76398b8-0f4c-46ad-8c30-bf4607d9bedf/appium/device/system_bars [39m[32m200[39m [90m124 ms - 151[39m [90m[39m
[38;5;192m[e76398b8][0m[38;5;86m[HTTP][0m [37m-->[39m [37mPOST[39m [37m/wd/hub/session/e76398b8-0f4c-46ad-8c30-bf4607d9bedf/appium/device/activate_app[39m [90m{"bundleId":"com.google.android.gm"}[39m
[38;5;192m[e76398b8][0m[38;5;86m[HTTP][0m [37m<-- POST /wd/hub/session/e76398b8-0f4c-46ad-8c30-bf4607d9bedf/appium/device/activate_app [39m[32m200[39m [90m225 ms - 14[39m [90m[39m
[38;5;192m[e76398b8][0m[38;5;86m[HTTP][0m [37m-->[39m [37mGET[39m [37m/wd/hub/session/e76398b8-0f4c-46ad-8c30-bf4607d9bedf/source[39m [90m{}[39m
[38;5;192m[e76398b8][0m[38;5;-146m[AndroidUiautomator2Driver@c369][0m Driver proxy active, passing request on via HTTP proxy
[38;5;192m[e76398b8][0m[38;5;-146m[AndroidUiautomator2Driver@c369][0m Replacing sessionId ae80cdaa-d938-4511-8ed3-10b73496b2ff with e76398b8-0f4c-46ad-8c30-bf4607d9bedf
[38;5;192m[e76398b8][0m[38;5;86m[HTTP][0m [37m<-- GET /wd/hub/session/e76398b8-0f4c-46ad-8c30-bf4607d9bedf/source [39m[32m200[39m [90m1532 ms - 38201[39m [90m[39m
[38;5;192m[e76398b8][0m[38;5;86m[HTTP][0m [37m-->[39m [37mGET[39m [37m/wd/hub/session/e76398b8-0f4c-46ad-8c30-bf4607d9bedf/screenshot[39m [90m{}[39m
[38;5;192m[e76398b8][0m[38;5;86m[HTTP][0m [37m<-- GET /wd/hub/session/e76398b8-0f4c-46ad-8c30-bf4607d9bedf/screenshot [39m[32m200[39m [90m916 ms - 283036[39m [90m[39m
[38;5;192m[e76398b8][0m[38;5;86m[HTTP][0m [37m-->[39m [37mGET[39m [37m/wd/hub/session/e76398b8-0f4c-46ad-8c30-bf4607d9bedf/window/rect[39m [90m{}[39m
[38;5;192m[e76398b8][0m[38;5;86m[HTTP][0m [37m<-- GET /wd/hub/session/e76398b8-0f4c-46ad-8c30-bf4607d9bedf/window/rect [39m[32m200[39m [90m66 ms - 50[39m [90m[39m
[38;5;192m[e76398b8][0m[38;5;86m[HTTP][0m [37m-->[39m [37mPOST[39m [37m/wd/hub/session/e76398b8-0f4c-46ad-8c30-bf4607d9bedf/elements[39m [90m{"using":"xpath","value":"//*[@class = 'android.widget.Button' and (@text = 'Tulis' or . = 'Tulis') and @resource-id = 'com.google.android.gm:id/compose_button']"}[39m
[38;5;192m[e76398b8][0m[38;5;86m[HTTP][0m [37m<-- POST /wd/hub/session/e76398b8-0f4c-46ad-8c30-bf4607d9bedf/elements [39m[32m200[39m [90m1665 ms - 139[39m [90m[39m
[38;5;192m[e76398b8][0m[38;5;86m[HTTP][0m [37m-->[39m [37mGET[39m [37m/wd/hub/session/e76398b8-0f4c-46ad-8c30-bf4607d9bedf/element/00000000-0000-0058-ffff-ffff00000010/location[39m [90m{}[39m
[38;5;192m[e76398b8][0m[38;5;-146m[AndroidUiautomator2Driver@c369][0m Driver proxy active, passing request on via HTTP proxy
[38;5;192m[e76398b8][0m[38;5;-146m[AndroidUiautomator2Driver@c369][0m Replacing sessionId ae80cdaa-d938-4511-8ed3-10b73496b2ff with e76398b8-0f4c-46ad-8c30-bf4607d9bedf
[38;5;192m[e76398b8][0m[38;5;86m[HTTP][0m [37m<-- GET /wd/hub/session/e76398b8-0f4c-46ad-8c30-bf4607d9bedf/element/00000000-0000-0058-ffff-ffff00000010/location [39m[32m200[39m [90m497 ms - 79[39m [90m[39m
[38;5;192m[e76398b8][0m[38;5;86m[HTTP][0m [37m-->[39m [37mPOST[39m [37m/wd/hub/session/e76398b8-0f4c-46ad-8c30-bf4607d9bedf/element/00000000-0000-0058-ffff-ffff00000010/click[39m [90m{"id":"00000000-0000-0058-ffff-ffff00000010"}[39m
[38;5;192m[e76398b8][0m[38;5;86m[HTTP][0m [37m<-- POST /wd/hub/session/e76398b8-0f4c-46ad-8c30-bf4607d9bedf/element/00000000-0000-0058-ffff-ffff00000010/click [39m[32m200[39m [90m97 ms - 14[39m [90m[39m
[38;5;192m[e76398b8][0m[38;5;86m[HTTP][0m [37m-->[39m [37mGET[39m [37m/wd/hub/session/e76398b8-0f4c-46ad-8c30-bf4607d9bedf/source[39m [90m{}[39m
[38;5;192m[e76398b8][0m[38;5;-146m[AndroidUiautomator2Driver@c369][0m Driver proxy active, passing request on via HTTP proxy
[38;5;192m[e76398b8][0m[38;5;-146m[AndroidUiautomator2Driver@c369][0m Replacing sessionId ae80cdaa-d938-4511-8ed3-10b73496b2ff with e76398b8-0f4c-46ad-8c30-bf4607d9bedf
[38;5;192m[e76398b8][0m[38;5;86m[HTTP][0m [37m<-- GET /wd/hub/session/e76398b8-0f4c-46ad-8c30-bf4607d9bedf/source [39m[32m200[39m [90m1191 ms - 21376[39m [90m[39m
[38;5;192m[e76398b8][0m[38;5;86m[HTTP][0m [37m-->[39m [37mGET[39m [37m/wd/hub/session/e76398b8-0f4c-46ad-8c30-bf4607d9bedf/screenshot[39m [90m{}[39m
[38;5;192m[e76398b8][0m[38;5;86m[HTTP][0m [37m<-- GET /wd/hub/session/e76398b8-0f4c-46ad-8c30-bf4607d9bedf/screenshot [39m[32m200[39m [90m800 ms - 200796[39m [90m[39m
[38;5;192m[e76398b8][0m[38;5;86m[HTTP][0m [37m-->[39m [37mGET[39m [37m/wd/hub/session/e76398b8-0f4c-46ad-8c30-bf4607d9bedf/window/rect[39m [90m{}[39m
[38;5;192m[e76398b8][0m[38;5;86m[HTTP][0m [37m<-- GET /wd/hub/session/e76398b8-0f4c-46ad-8c30-bf4607d9bedf/window/rect [39m[32m200[39m [90m52 ms - 50[39m [90m[39m
[38;5;192m[e76398b8][0m[38;5;86m[HTTP][0m [37m-->[39m [37mPOST[39m [37m/wd/hub/session/e76398b8-0f4c-46ad-8c30-bf4607d9bedf/elements[39m [90m{"using":"xpath","value":"//*[@class = 'android.widget.EditText' and (@text = 'Tulis email' or . = 'Tulis email')]"}[39m
[38;5;192m[e76398b8][0m[38;5;86m[HTTP][0m [37m<-- POST /wd/hub/session/e76398b8-0f4c-46ad-8c30-bf4607d9bedf/elements [39m[32m200[39m [90m361 ms - 139[39m [90m[39m
[38;5;192m[e76398b8][0m[38;5;86m[HTTP][0m [37m-->[39m [37mGET[39m [37m/wd/hub/session/e76398b8-0f4c-46ad-8c30-bf4607d9bedf/element/00000000-0000-006f-0000-0024000001d1/location[39m [90m{}[39m
[38;5;192m[e76398b8][0m[38;5;-146m[AndroidUiautomator2Driver@c369][0m Driver proxy active, passing request on via HTTP proxy
[38;5;192m[e76398b8][0m[38;5;-146m[AndroidUiautomator2Driver@c369][0m Replacing sessionId ae80cdaa-d938-4511-8ed3-10b73496b2ff with e76398b8-0f4c-46ad-8c30-bf4607d9bedf
[38;5;192m[e76398b8][0m[38;5;86m[HTTP][0m [37m<-- GET /wd/hub/session/e76398b8-0f4c-46ad-8c30-bf4607d9bedf/element/00000000-0000-006f-0000-0024000001d1/location [39m[32m200[39m [90m87 ms - 77[39m [90m[39m
[38;5;192m[e76398b8][0m[38;5;86m[HTTP][0m [37m-->[39m [37mPOST[39m [37m/wd/hub/session/e76398b8-0f4c-46ad-8c30-bf4607d9bedf/element/00000000-0000-006f-0000-0024000001d1/clear[39m [90m{"id":"00000000-0000-006f-0000-0024000001d1"}[39m
[38;5;192m[e76398b8][0m[38;5;86m[HTTP][0m [37m<-- POST /wd/hub/session/e76398b8-0f4c-46ad-8c30-bf4607d9bedf/element/00000000-0000-006f-0000-0024000001d1/clear [39m[32m200[39m [90m90 ms - 14[39m [90m[39m
[38;5;192m[e76398b8][0m[38;5;86m[HTTP][0m [37m-->[39m [37mPOST[39m [37m/wd/hub/session/e76398b8-0f4c-46ad-8c30-bf4607d9bedf/element/00000000-0000-006f-0000-0024000001d1/click[39m [90m{"id":"00000000-0000-006f-0000-0024000001d1"}[39m
[38;5;192m[e76398b8][0m[38;5;86m[HTTP][0m [37m<-- POST /wd/hub/session/e76398b8-0f4c-46ad-8c30-bf4607d9bedf/element/00000000-0000-006f-0000-0024000001d1/click [39m[32m200[39m [90m97 ms - 14[39m [90m[39m
[38;5;192m[e76398b8][0m[38;5;86m[HTTP][0m [37m-->[39m [37mPOST[39m [37m/wd/hub/session/e76398b8-0f4c-46ad-8c30-bf4607d9bedf/element/00000000-0000-006f-0000-0024000001d1/value[39m [90m{"id":"00000000-0000-006f-0000-0024000001d1","text":"coba email otomasi","value":["c","o","b","a"," ","e","m","a","i","l"," ","o","t","o","m","a","s","i"]}[39m
[38;5;192m[e76398b8][0m[38;5;86m[HTTP][0m [37m<-- POST /wd/hub/session/e76398b8-0f4c-46ad-8c30-bf4607d9bedf/element/00000000-0000-006f-0000-0024000001d1/value [39m[32m200[39m [90m132 ms - 14[39m [90m[39m
[38;5;192m[e76398b8][0m[38;5;86m[HTTP][0m [37m-->[39m [37mGET[39m [37m/wd/hub/session/e76398b8-0f4c-46ad-8c30-bf4607d9bedf/source[39m [90m{}[39m
[38;5;192m[e76398b8][0m[38;5;-146m[AndroidUiautomator2Driver@c369][0m Driver proxy active, passing request on via HTTP proxy
[38;5;192m[e76398b8][0m[38;5;-146m[AndroidUiautomator2Driver@c369][0m Replacing sessionId ae80cdaa-d938-4511-8ed3-10b73496b2ff with e76398b8-0f4c-46ad-8c30-bf4607d9bedf
[38;5;192m[e76398b8][0m[38;5;86m[HTTP][0m [37m<-- GET /wd/hub/session/e76398b8-0f4c-46ad-8c30-bf4607d9bedf/source [39m[32m200[39m [90m783 ms - 21384[39m [90m[39m
[38;5;192m[e76398b8][0m[38;5;86m[HTTP][0m [37m-->[39m [37mGET[39m [37m/wd/hub/session/e76398b8-0f4c-46ad-8c30-bf4607d9bedf/screenshot[39m [90m{}[39m
[38;5;192m[e76398b8][0m[38;5;86m[HTTP][0m [37m<-- GET /wd/hub/session/e76398b8-0f4c-46ad-8c30-bf4607d9bedf/screenshot [39m[32m200[39m [90m864 ms - 203912[39m [90m[39m
[38;5;192m[e76398b8][0m[38;5;86m[HTTP][0m [37m-->[39m [37mGET[39m [37m/wd/hub/session/e76398b8-0f4c-46ad-8c30-bf4607d9bedf/window/rect[39m [90m{}[39m
[38;5;192m[e76398b8][0m[38;5;86m[HTTP][0m [37m<-- GET /wd/hub/session/e76398b8-0f4c-46ad-8c30-bf4607d9bedf/window/rect [39m[32m200[39m [90m45 ms - 50[39m [90m[39m
[38;5;192m[e76398b8][0m[38;5;86m[HTTP][0m [37m-->[39m [37mPOST[39m [37m/wd/hub/session/e76398b8-0f4c-46ad-8c30-bf4607d9bedf/elements[39m [90m{"using":"xpath","value":"//*[@class = 'android.widget.Button' and @resource-id = 'com.google.android.gm:id/send' and (@text = '' or . = '')]"}[39m
[38;5;192m[e76398b8][0m[38;5;86m[HTTP][0m [37m<-- POST /wd/hub/session/e76398b8-0f4c-46ad-8c30-bf4607d9bedf/elements [39m[32m200[39m [90m327 ms - 139[39m [90m[39m
[38;5;192m[e76398b8][0m[38;5;86m[HTTP][0m [37m-->[39m [37mGET[39m [37m/wd/hub/session/e76398b8-0f4c-46ad-8c30-bf4607d9bedf/element/00000000-0000-006f-ffff-ffff000001e1/location[39m [90m{}[39m
[38;5;192m[e76398b8][0m[38;5;-146m[AndroidUiautomator2Driver@c369][0m Driver proxy active, passing request on via HTTP proxy
[38;5;192m[e76398b8][0m[38;5;-146m[AndroidUiautomator2Driver@c369][0m Replacing sessionId ae80cdaa-d938-4511-8ed3-10b73496b2ff with e76398b8-0f4c-46ad-8c30-bf4607d9bedf
[38;5;192m[e76398b8][0m[38;5;86m[HTTP][0m [37m<-- GET /wd/hub/session/e76398b8-0f4c-46ad-8c30-bf4607d9bedf/element/00000000-0000-006f-ffff-ffff000001e1/location [39m[32m200[39m [90m77 ms - 77[39m [90m[39m
[38;5;192m[e76398b8][0m[38;5;86m[HTTP][0m [37m-->[39m [37mPOST[39m [37m/wd/hub/session/e76398b8-0f4c-46ad-8c30-bf4607d9bedf/element/00000000-0000-006f-ffff-ffff000001e1/click[39m [90m{"id":"00000000-0000-006f-ffff-ffff000001e1"}[39m
[38;5;192m[e76398b8][0m[38;5;86m[HTTP][0m [37m<-- POST /wd/hub/session/e76398b8-0f4c-46ad-8c30-bf4607d9bedf/element/00000000-0000-006f-ffff-ffff000001e1/click [39m[32m200[39m [90m100 ms - 14[39m [90m[39m
[38;5;192m[e76398b8][0m[38;5;86m[HTTP][0m [37m-->[39m [37mGET[39m [37m/wd/hub/session/e76398b8-0f4c-46ad-8c30-bf4607d9bedf/source[39m [90m{}[39m
[38;5;192m[e76398b8][0m[38;5;-146m[AndroidUiautomator2Driver@c369][0m Driver proxy active, passing request on via HTTP proxy
[38;5;192m[e76398b8][0m[38;5;-146m[AndroidUiautomator2Driver@c369][0m Replacing sessionId ae80cdaa-d938-4511-8ed3-10b73496b2ff with e76398b8-0f4c-46ad-8c30-bf4607d9bedf
[38;5;192m[e76398b8][0m[38;5;86m[HTTP][0m [37m<-- GET /wd/hub/session/e76398b8-0f4c-46ad-8c30-bf4607d9bedf/source [39m[32m200[39m [90m594 ms - 6583[39m [90m[39m
[38;5;192m[e76398b8][0m[38;5;86m[HTTP][0m [37m-->[39m [37mGET[39m [37m/wd/hub/session/e76398b8-0f4c-46ad-8c30-bf4607d9bedf/screenshot[39m [90m{}[39m
[38;5;192m[e76398b8][0m[38;5;86m[HTTP][0m [37m<-- GET /wd/hub/session/e76398b8-0f4c-46ad-8c30-bf4607d9bedf/screenshot [39m[32m200[39m [90m790 ms - 120080[39m [90m[39m
[38;5;192m[e76398b8][0m[38;5;86m[HTTP][0m [37m-->[39m [37mDELETE[39m [37m/wd/hub/session/e76398b8-0f4c-46ad-8c30-bf4607d9bedf[39m [90m{}[39m
[38;5;192m[e76398b8][0m[38;5;77m[AppiumDriver@1d9e][0m Removing session e76398b8-0f4c-46ad-8c30-bf4607d9bedf from our master session list
[38;5;192m[e76398b8][0m[38;5;-146m[AndroidUiautomator2Driver@c369][0m Restoring hidden api policy to the device default configuration
[38;5;192m[e76398b8][0m[38;5;86m[HTTP][0m [37m<-- DELETE /wd/hub/session/e76398b8-0f4c-46ad-8c30-bf4607d9bedf [39m[32m200[39m [90m387 ms - 14[39m [90m[39m
